#
# There is insufficient memory for the Java Runtime Environment to continue.
# Native memory allocation (mmap) failed to map 536870912 bytes for G1 virtual space
# Possible reasons:
#   The system is out of physical RAM or swap space
#   The process is running with CompressedOops enabled, and the Java Heap may be blocking the growth of the native heap
# Possible solutions:
#   Reduce memory load on the system
#   Increase physical memory or swap space
#   Check if swap backing store is full
#   Decrease Java heap size (-Xmx/-Xms)
#   Decrease number of Java threads
#   Decrease Java thread stack sizes (-Xss)
#   Set larger code cache with -XX:ReservedCodeCacheSize=
#   JVM is running with Zero Based Compressed Oops mode in which the Java heap is
#     placed in the first 32GB address space. The Java Heap base address is the
#     maximum limit for the native heap growth. Please use -XX:HeapBaseMinAddress
#     to set the Java Heap base and to place the Java Heap above 32GB virtual address.
# This output file may be truncated or incomplete.
#
#  Out of Memory Error (os_windows.cpp:3769), pid=22740, tid=31992
#
# JRE version:  (17.0.6) (build )
# Java VM: OpenJDK 64-Bit Server VM (17.0.6+0-b2043.56-10027231, mixed mode, sharing, tiered, compressed oops, compressed class ptrs, g1 gc, windows-amd64)
# No core dump will be written. Minidumps are not enabled by default on client versions of Windows
#

---------------  S U M M A R Y ------------

Command Line: git4idea.http.GitAskPassApp Username for 'https://github.com': 

Host: Intel(R) Core(TM) i7-10710U CPU @ 1.10GHz, 12 cores, 31G,  Windows 10 , 64 bit Build 19041 (10.0.19041.3636)
Time: Mon Dec 18 05:25:43 2023 Hora estándar romance elapsed time: 0.009898 seconds (0d 0h 0m 0s)

---------------  T H R E A D  ---------------

Current thread (0x000001cb65d31120):  JavaThread "Unknown thread" [_thread_in_vm, id=31992, stack(0x000000c32e000000,0x000000c32e100000)]

Stack: [0x000000c32e000000,0x000000c32e100000]
Native frames: (J=compiled Java code, j=interpreted, Vv=VM code, C=native code)
V  [jvm.dll+0x683c9a]
V  [jvm.dll+0x8427a4]
V  [jvm.dll+0x843f9e]
V  [jvm.dll+0x844603]
V  [jvm.dll+0x249b75]
V  [jvm.dll+0x680b69]
V  [jvm.dll+0x67505a]
V  [jvm.dll+0x309acb]
V  [jvm.dll+0x310f86]
V  [jvm.dll+0x3608ee]
V  [jvm.dll+0x360b1f]
V  [jvm.dll+0x2dfbf8]
V  [jvm.dll+0x2e0b64]
V  [jvm.dll+0x814091]
V  [jvm.dll+0x36e6a1]
V  [jvm.dll+0x7f35cc]
V  [jvm.dll+0x3f0e8f]
V  [jvm.dll+0x3f29d1]
C  [jli.dll+0x526b]
C  [ucrtbase.dll+0x21bb2]
C  [KERNEL32.DLL+0x17344]
C  [ntdll.dll+0x526b1]


---------------  P R O C E S S  ---------------

Threads class SMR info:
_java_thread_list=0x00007ffb828dc058, length=0, elements={
}

Java Threads: ( => current thread )

Other Threads:
  0x000001cb7b730c10 GCTaskThread "GC Thread#0" [stack: 0x000000c32e100000,0x000000c32e200000] [id=4548]
  0x000001cb65dac9b0 ConcurrentGCThread "G1 Main Marker" [stack: 0x000000c32e200000,0x000000c32e300000] [id=19188]
  0x000001cb65dad410 ConcurrentGCThread "G1 Conc#0" [stack: 0x000000c32e300000,0x000000c32e400000] [id=18764]

[error occurred during error reporting (printing all threads), id 0xc0000005, EXCEPTION_ACCESS_VIOLATION (0xc0000005) at pc=0x00007ffb82090797]

VM state: not at safepoint (not fully initialized)

VM Mutex/Monitor currently owned by a thread:  ([mutex/lock_event])
[0x000001cb65d2bc60] Heap_lock - owner thread: 0x000001cb65d31120

Heap address: 0x0000000602800000, size: 8152 MB, Compressed Oops mode: Zero based, Oop shift amount: 3

CDS archive(s) mapped at: [0x0000000000000000-0x0000000000000000-0x0000000000000000), size 0, SharedBaseAddress: 0x0000000800000000, ArchiveRelocationMode: 0.
Narrow klass base: 0x0000000000000000, Narrow klass shift: 0, Narrow klass range: 0x0

GC Precious Log:
<Empty>

Heap:
 garbage-first heap   total 0K, used 0K [0x0000000602800000, 0x0000000800000000)
  region size 4096K, 0 young (0K), 0 survivors (0K)

[error occurred during error reporting (printing heap information), id 0xc0000005, EXCEPTION_ACCESS_VIOLATION (0xc0000005) at pc=0x00007ffb8247da89]

GC Heap History (0 events):
No events

Dll operation events (1 events):
Event: 0.005 Loaded shared library C:\Program Files\Android\Android Studio\jbr\bin\java.dll

Deoptimization events (0 events):
No events

Classes unloaded (0 events):
No events

Classes redefined (0 events):
No events

Internal exceptions (0 events):
No events

VM Operations (0 events):
No events

Events (0 events):
No events


Dynamic libraries:
0x00007ff6701c0000 - 0x00007ff6701ca000 	C:\Program Files\Android\Android Studio\jbr\bin\java.exe
0x00007ffbf63d0000 - 0x00007ffbf65c8000 	C:\Windows\SYSTEM32\ntdll.dll
0x00007ffbf4ae0000 - 0x00007ffbf4b9d000 	C:\Windows\System32\KERNEL32.DLL
0x00007ffbf3ed0000 - 0x00007ffbf41c6000 	C:\Windows\System32\KERNELBASE.dll
0x000000005cf20000 - 0x000000005d252000 	C:\Program Files\Norton Security\NortonData\22.23.1.21\Definitions\IPSDefs\20231215.064\IPSEng64.dll
0x00007ffbf4640000 - 0x00007ffbf46ef000 	C:\Windows\System32\ADVAPI32.dll
0x00007ffbf62c0000 - 0x00007ffbf635e000 	C:\Windows\System32\msvcrt.dll
0x00007ffbf4560000 - 0x00007ffbf45fc000 	C:\Windows\System32\sechost.dll
0x00007ffbf49b0000 - 0x00007ffbf4ad6000 	C:\Windows\System32\RPCRT4.dll
0x00007ffbf4600000 - 0x00007ffbf4608000 	C:\Windows\System32\PSAPI.DLL
0x00007ffbf3ae0000 - 0x00007ffbf3be0000 	C:\Windows\System32\ucrtbase.dll
0x00007ffbc4c30000 - 0x00007ffbc4c47000 	C:\Program Files\Android\Android Studio\jbr\bin\jli.dll
0x00007ffbcd9f0000 - 0x00007ffbcda0b000 	C:\Program Files\Android\Android Studio\jbr\bin\VCRUNTIME140.dll
0x00007ffbf56a0000 - 0x00007ffbf583e000 	C:\Windows\System32\USER32.dll
0x00007ffbf3ab0000 - 0x00007ffbf3ad2000 	C:\Windows\System32\win32u.dll
0x00007ffbd71d0000 - 0x00007ffbd746a000 	C:\Windows\WinSxS\amd64_microsoft.windows.common-controls_6595b64144ccf1df_6.0.19041.3636_none_60b6a03d71f818d5\COMCTL32.dll
0x00007ffbf6360000 - 0x00007ffbf638c000 	C:\Windows\System32\GDI32.dll
0x00007ffbf3c50000 - 0x00007ffbf3d6a000 	C:\Windows\System32\gdi32full.dll
0x00007ffbf4280000 - 0x00007ffbf431d000 	C:\Windows\System32\msvcp_win.dll
0x00007ffbf4610000 - 0x00007ffbf4640000 	C:\Windows\System32\IMM32.DLL
0x00007ffbde4e0000 - 0x00007ffbde4ec000 	C:\Program Files\Android\Android Studio\jbr\bin\vcruntime140_1.dll
0x00007ffbc5380000 - 0x00007ffbc540d000 	C:\Program Files\Android\Android Studio\jbr\bin\msvcp140.dll
0x00007ffb81da0000 - 0x00007ffb82a0e000 	C:\Program Files\Android\Android Studio\jbr\bin\server\jvm.dll
0x00007ffbdc790000 - 0x00007ffbdc799000 	C:\Windows\SYSTEM32\WSOCK32.dll
0x00007ffbe0390000 - 0x00007ffbe03b7000 	C:\Windows\SYSTEM32\WINMM.dll
0x00007ffbeb000000 - 0x00007ffbeb00a000 	C:\Windows\SYSTEM32\VERSION.dll
0x00007ffbf4840000 - 0x00007ffbf48ab000 	C:\Windows\System32\WS2_32.dll
0x00007ffbf1b50000 - 0x00007ffbf1b62000 	C:\Windows\SYSTEM32\kernel.appcore.dll
0x00007ffbde380000 - 0x00007ffbde38a000 	C:\Program Files\Android\Android Studio\jbr\bin\jimage.dll
0x00007ffbf1780000 - 0x00007ffbf1964000 	C:\Windows\SYSTEM32\DBGHELP.DLL
0x00007ffbe94f0000 - 0x00007ffbe9524000 	C:\Windows\SYSTEM32\dbgcore.DLL
0x00007ffbf43a0000 - 0x00007ffbf4422000 	C:\Windows\System32\bcryptPrimitives.dll
0x00007ffbc8f90000 - 0x00007ffbc8fb5000 	C:\Program Files\Android\Android Studio\jbr\bin\java.dll

dbghelp: loaded successfully - version: 4.0.5 - missing functions: none
symbol engine: initialized successfully - sym options: 0x614 - pdb path: .;C:\Program Files\Android\Android Studio\jbr\bin;C:\Windows\SYSTEM32;C:\Program Files\Norton Security\NortonData\22.23.1.21\Definitions\IPSDefs\20231215.064;C:\Windows\WinSxS\amd64_microsoft.windows.common-controls_6595b64144ccf1df_6.0.19041.3636_none_60b6a03d71f818d5;C:\Program Files\Android\Android Studio\jbr\bin\server

VM Arguments:
java_command: git4idea.http.GitAskPassApp Username for 'https://github.com': 
java_class_path (initial): C:/Program Files/Android/Android Studio/plugins/vcs-git/lib/git4idea-rt.jar;C:/Program Files/Android/Android Studio/lib/externalProcess-rt.jar;C:/Program Files/Android/Android Studio/lib/app.jar;C:/Program Files/Android/Android Studio/lib/3rd-party-rt.jar
Launcher Type: SUN_STANDARD

[Global flags]
     intx CICompilerCount                          = 4                                         {product} {ergonomic}
     uint ConcGCThreads                            = 3                                         {product} {ergonomic}
     uint G1ConcRefinementThreads                  = 10                                        {product} {ergonomic}
   size_t G1HeapRegionSize                         = 4194304                                   {product} {ergonomic}
    uintx GCDrainStackTargetSize                   = 64                                        {product} {ergonomic}
   size_t InitialHeapSize                          = 536870912                                 {product} {ergonomic}
   size_t MarkStackSize                            = 4194304                                   {product} {ergonomic}
   size_t MaxHeapSize                              = 8547991552                                {product} {ergonomic}
   size_t MinHeapDeltaBytes                        = 4194304                                   {product} {ergonomic}
   size_t MinHeapSize                              = 8388608                                   {product} {ergonomic}
    uintx NonNMethodCodeHeapSize                   = 5839372                                {pd product} {ergonomic}
    uintx NonProfiledCodeHeapSize                  = 122909434                              {pd product} {ergonomic}
    uintx ProfiledCodeHeapSize                     = 122909434                              {pd product} {ergonomic}
    uintx ReservedCodeCacheSize                    = 251658240                              {pd product} {ergonomic}
     bool SegmentedCodeCache                       = true                                      {product} {ergonomic}
   size_t SoftMaxHeapSize                          = 8547991552                             {manageable} {ergonomic}
     bool UseCompressedClassPointers               = true                           {product lp64_product} {ergonomic}
     bool UseCompressedOops                        = true                           {product lp64_product} {ergonomic}
     bool UseG1GC                                  = true                                      {product} {ergonomic}
     bool UseLargePagesIndividualAllocation        = false                                  {pd product} {ergonomic}

Logging:
Log output configuration:
 #0: stdout all=warning uptime,level,tags
 #1: stderr all=off uptime,level,tags

Environment Variables:
JAVA_HOME=C:\Program Files\Java\jdk-17
PATH=C:\Program Files\Git\mingw64\libexec\git-core;C:\Program Files\Git\mingw64\libexec\git-core;C:\Program Files\Git\mingw64\bin;C:\Program Files\Git\usr\bin;C:\Users\PABLO\bin;C:\Program Files\Common Files\Oracle\Java\javapath;C:\Program Files (x86)\Common Files\Oracle\Java\javapath;C:\python3\Scripts;C:\python3;C:\Python310\Scripts;C:\Python310;C:\Program Files\Eclipse Foundation\jdk-11.0.12.7-hotspot\bin;C:\Windows\system32;C:\Windows;C:\Windows\System32\Wbem;C:\Windows\System32\WindowsPowerShell\v1.0;C:\Windows\System32\OpenSSH;C:\Program Files (x86)\NVIDIA Corporation\PhysX\Common;C:\Program Files\NVIDIA Corporation\NVIDIA NvDLISR;C:\Program Files\Intel\WiFi\bin;C:\Program Files\Common Files\Intel\WirelessCommon;C:\Program Files\dotnet;C:\ProgramData\chocolatey\bin;C:\cygwin64\bin;C:\opencv3.0.0\x64;C:\Program Files\Git\cmd;C:\Program Files\Common Files\Autodesk Shared;C:\Program Files\AutoFirma\AutoFirma;C:\Program Files\swipl\bin;C:\maven\bin;C:\Program Files\Java\jdk-17\bin;C:\Program Files\nodejs;C:\Ruby27-x64\bin;C:\Users\PABLO\AppData\Local\Programs\Python\Python38-32\Scripts;C:\Users\PABLO\AppData\Local\Programs\Python\Python38-32;C:\Users\PABLO\AppData\Local\Microsoft\WindowsApps;C:\Program Files\Intel\WiFi\bin;C:\Program Files\Common Files\Intel\WirelessCommon;C:\Users\PABLO\AppData\Local\Programs\Microsoft VS Code\bin;C:\Program Files\JetBrains\IntelliJ IDEA Community Edition 2023.2.3\bin;C:\Users\PABLO\AppData\Roaming\npm
USERNAME=PABLO
DISPLAY=:0.0
LC_ALL=en_US.UTF-8
TERM=xterm-256color
TMPDIR=C:\Users\PABLO\AppData\Local\Temp
OS=Windows_NT
PROCESSOR_IDENTIFIER=Intel64 Family 6 Model 166 Stepping 0, GenuineIntel
TMP=C:\Users\PABLO\AppData\Local\Temp
TEMP=C:\Users\PABLO\AppData\Local\Temp


JNI global refs:

[error occurred during error reporting (JNI global references), id 0xc0000005, EXCEPTION_ACCESS_VIOLATION (0xc0000005) at pc=0x00007ffb81e57a10]


---------------  S Y S T E M  ---------------

OS:
 Windows 10 , 64 bit Build 19041 (10.0.19041.3636)
OS uptime: 5 days 10:10 hours

CPU: total 12 (initial active 12) (6 cores per cpu, 2 threads per core) family 6 model 166 stepping 0 microcode 0xb6, cx8, cmov, fxsr, ht, mmx, 3dnowpref, sse, sse2, sse3, ssse3, sse4.1, sse4.2, popcnt, lzcnt, tsc, tscinvbit, avx, avx2, aes, erms, clmul, bmi1, bmi2, adx, fma, vzeroupper, clflush, clflushopt

Memory: 4k page, system-wide physical 32601M (8028M free)
TotalPageFile size 47601M (AvailPageFile size 511M)
current process WorkingSet (physical memory assigned to process): 11M, peak: 11M
current process commit charge ("private bytes"): 65M, peak: 577M

vm_info: OpenJDK 64-Bit Server VM (17.0.6+0-b2043.56-10027231) for windows-amd64 JRE (17.0.6+0-b2043.56-10027231), built on Apr 28 2023 00:43:19 by "androidbuild" with MS VC++ 16.10 / 16.11 (VS2019)

END.
